0 info it worked if it ends with ok
1 verbose cli [ '/usr/local/bin/node', '/usr/local/bin/npm', 'start' ]
2 info using npm@3.10.10
3 info using node@v6.11.0
4 verbose run-script [ 'prestart', 'start', 'poststart' ]
5 info lifecycle shared-server@~prestart: shared-server@
6 silly lifecycle shared-server@~prestart: no script for prestart, continuing
7 info lifecycle shared-server@~start: shared-server@
8 verbose lifecycle shared-server@~start: unsafe-perm in lifecycle true
9 verbose lifecycle shared-server@~start: PATH: /usr/local/lib/node_modules/npm/bin/node-gyp-bin:/home/gustavo/Documentos/facultad/taller2/shared-server/node_modules/.bin:/home/gustavo/bin:/home/gustavo/.local/bin:/usr/local/sbin:/usr/local/bin:/usr/sbin:/usr/bin:/sbin:/bin:/usr/games:/usr/local/games:/snap/bin:/usr/lib/jvm/java-9-oracle/bin:/usr/lib/jvm/java-9-oracle/db/bin:/home/gustavo/eclipse/java-neon/eclipse/:/home/gustavo/Descargas/android-studio/bin/
10 verbose lifecycle shared-server@~start: CWD: /home/gustavo/Documentos/facultad/taller2/shared-server
11 silly lifecycle shared-server@~start: Args: [ '-c', 'node server.js' ]
12 silly lifecycle shared-server@~start: Returned: code: 1  signal: null
13 info lifecycle shared-server@~start: Failed to exec start script
14 verbose stack Error: shared-server@ start: `node server.js`
14 verbose stack Exit status 1
14 verbose stack     at EventEmitter.<anonymous> (/usr/local/lib/node_modules/npm/lib/utils/lifecycle.js:255:16)
14 verbose stack     at emitTwo (events.js:106:13)
14 verbose stack     at EventEmitter.emit (events.js:191:7)
14 verbose stack     at ChildProcess.<anonymous> (/usr/local/lib/node_modules/npm/lib/utils/spawn.js:40:14)
14 verbose stack     at emitTwo (events.js:106:13)
14 verbose stack     at ChildProcess.emit (events.js:191:7)
14 verbose stack     at maybeClose (internal/child_process.js:891:16)
14 verbose stack     at Process.ChildProcess._handle.onexit (internal/child_process.js:226:5)
15 verbose pkgid shared-server@
16 verbose cwd /home/gustavo/Documentos/facultad/taller2/shared-server
17 error Linux 4.8.0-59-generic
18 error argv "/usr/local/bin/node" "/usr/local/bin/npm" "start"
19 error node v6.11.0
20 error npm  v3.10.10
21 error code ELIFECYCLE
22 error shared-server@ start: `node server.js`
22 error Exit status 1
23 error Failed at the shared-server@ start script 'node server.js'.
23 error Make sure you have the latest version of node.js and npm installed.
23 error If you do, this is most likely a problem with the shared-server package,
23 error not with npm itself.
23 error Tell the author that this fails on your system:
23 error     node server.js
23 error You can get information on how to open an issue for this project with:
23 error     npm bugs shared-server
23 error Or if that isn't available, you can get their info via:
23 error     npm owner ls shared-server
23 error There is likely additional logging output above.
24 verbose exit [ 1, true ]
